<?xml version="1.0" encoding="UTF-8"?>
<!-- Generated by org.testng.reporters.JUnitXMLReporter -->
<testsuite ignored="0" hostname="LAPTOP-IQ06DEC2" failures="0" tests="4" name="Test" time="28.457" errors="0" timestamp="2023-01-05T16:52:16 IST">
  <testcase classname="com.testng.BlazeDemo" name="pageOne" time="10.421"/>
  <testcase classname="com.testng.BlazeDemo" name="pageTwo" time="2.569"/>
  <testcase classname="com.testng.BlazeDemo" name="pageThree" time="15.277"/>
  <testcase classname="com.testng.BlazeDemo" name="pageFour" time="0.046"/>
</testsuite> <!-- Test -->
